26-Oct-2020 21:13:22.572 INFORMAÇÕES [main] org.apache.catalina.startup.VersionLoggerListener.log Server version name:   Apache Tomcat/8.5.59
26-Oct-2020 21:13:22.577 INFORMAÇÕES [main] org.apache.catalina.startup.VersionLoggerListener.log Server built:          Oct 6 2020 16:57:18 UTC
26-Oct-2020 21:13:22.582 INFORMAÇÕES [main] org.apache.catalina.startup.VersionLoggerListener.log Server version number: 8.5.59.0
26-Oct-2020 21:13:22.582 INFORMAÇÕES [main] org.apache.catalina.startup.VersionLoggerListener.log OS Name:               Windows 10
26-Oct-2020 21:13:22.587 INFORMAÇÕES [main] org.apache.catalina.startup.VersionLoggerListener.log OS Version:            10.0
26-Oct-2020 21:13:22.587 INFORMAÇÕES [main] org.apache.catalina.startup.VersionLoggerListener.log Architecture:          amd64
26-Oct-2020 21:13:22.587 INFORMAÇÕES [main] org.apache.catalina.startup.VersionLoggerListener.log Java Home:             C:\Program Files\Java\jdk1.8.0_221\jre
26-Oct-2020 21:13:22.587 INFORMAÇÕES [main] org.apache.catalina.startup.VersionLoggerListener.log JVM Version:           1.8.0_221-b11
26-Oct-2020 21:13:22.587 INFORMAÇÕES [main] org.apache.catalina.startup.VersionLoggerListener.log JVM Vendor:            Oracle Corporation
26-Oct-2020 21:13:22.587 INFORMAÇÕES [main] org.apache.catalina.startup.VersionLoggerListener.log CATALINA_BASE:         C:\apache-tomcat-8.5.59-windows-x64\apache-tomcat-8.5.59
26-Oct-2020 21:13:22.587 INFORMAÇÕES [main] org.apache.catalina.startup.VersionLoggerListener.log CATALINA_HOME:         C:\apache-tomcat-8.5.59-windows-x64\apache-tomcat-8.5.59
26-Oct-2020 21:13:22.587 INFORMAÇÕES [main] org.apache.catalina.startup.VersionLoggerListener.log Command line argument: -Djava.util.logging.config.file=C:\apache-tomcat-8.5.59-windows-x64\apache-tomcat-8.5.59\conf\logging.properties
26-Oct-2020 21:13:22.587 INFORMAÇÕES [main] org.apache.catalina.startup.VersionLoggerListener.log Command line argument: -Djava.util.logging.manager=org.apache.juli.ClassLoaderLogManager
26-Oct-2020 21:13:22.587 INFORMAÇÕES [main] org.apache.catalina.startup.VersionLoggerListener.log Command line argument: -Djdk.tls.ephemeralDHKeySize=2048
26-Oct-2020 21:13:22.587 INFORMAÇÕES [main] org.apache.catalina.startup.VersionLoggerListener.log Command line argument: -Djava.protocol.handler.pkgs=org.apache.catalina.webresources
26-Oct-2020 21:13:22.587 INFORMAÇÕES [main] org.apache.catalina.startup.VersionLoggerListener.log Command line argument: -Dignore.endorsed.dirs=
26-Oct-2020 21:13:22.587 INFORMAÇÕES [main] org.apache.catalina.startup.VersionLoggerListener.log Command line argument: -Dcatalina.base=C:\apache-tomcat-8.5.59-windows-x64\apache-tomcat-8.5.59
26-Oct-2020 21:13:22.587 INFORMAÇÕES [main] org.apache.catalina.startup.VersionLoggerListener.log Command line argument: -Dcatalina.home=C:\apache-tomcat-8.5.59-windows-x64\apache-tomcat-8.5.59
26-Oct-2020 21:13:22.587 INFORMAÇÕES [main] org.apache.catalina.startup.VersionLoggerListener.log Command line argument: -Djava.io.tmpdir=C:\apache-tomcat-8.5.59-windows-x64\apache-tomcat-8.5.59\temp
26-Oct-2020 21:13:22.587 INFORMAÇÕES [main] org.apache.catalina.core.AprLifecycleListener.lifecycleEvent Loaded Apache Tomcat Native library [1.2.25] using APR version [1.7.0].
26-Oct-2020 21:13:22.587 INFORMAÇÕES [main] org.apache.catalina.core.AprLifecycleListener.lifecycleEvent APR capabilities: IPv6 [true], sendfile [true], accept filters [false], random [true].
26-Oct-2020 21:13:22.587 INFORMAÇÕES [main] org.apache.catalina.core.AprLifecycleListener.lifecycleEvent APR/OpenSSL configuration: useAprConnector [false], useOpenSSL [true]
26-Oct-2020 21:13:22.598 INFORMAÇÕES [main] org.apache.catalina.core.AprLifecycleListener.initializeSSL OpenSSL successfully initialized [OpenSSL 1.1.1g  21 Apr 2020]
26-Oct-2020 21:13:22.957 INFORMAÇÕES [main] org.apache.coyote.AbstractProtocol.init Initializing ProtocolHandler ["http-nio-8080"]
26-Oct-2020 21:13:23.492 INFORMAÇÕES [main] org.apache.tomcat.util.net.NioSelectorPool.getSharedSelector Using a shared selector for servlet write/read
26-Oct-2020 21:13:23.501 INFORMAÇÕES [main] org.apache.catalina.startup.Catalina.load Initialization processed in 1707 ms
26-Oct-2020 21:13:23.582 INFORMAÇÕES [main] org.apache.catalina.core.StandardService.startInternal Starting service [Catalina]
26-Oct-2020 21:13:23.582 INFORMAÇÕES [main] org.apache.catalina.core.StandardEngine.startInternal Starting Servlet Engine: Apache Tomcat/8.5.59
26-Oct-2020 21:13:23.627 INFORMAÇÕES [localhost-startStop-1] org.apache.catalina.startup.HostConfig.deployDirectory Deploying web application directory [C:\apache-tomcat-8.5.59-windows-x64\apache-tomcat-8.5.59\webapps\docs]
26-Oct-2020 21:13:24.017 INFORMAÇÕES [localhost-startStop-1] org.apache.catalina.startup.HostConfig.deployDirectory Deployment of web application directory [C:\apache-tomcat-8.5.59-windows-x64\apache-tomcat-8.5.59\webapps\docs] has finished in [410] ms
26-Oct-2020 21:13:24.017 INFORMAÇÕES [localhost-startStop-1] org.apache.catalina.startup.HostConfig.deployDirectory Deploying web application directory [C:\apache-tomcat-8.5.59-windows-x64\apache-tomcat-8.5.59\webapps\examples]
26-Oct-2020 21:13:24.516 INFORMAÇÕES [localhost-startStop-1] org.apache.catalina.startup.HostConfig.deployDirectory Deployment of web application directory [C:\apache-tomcat-8.5.59-windows-x64\apache-tomcat-8.5.59\webapps\examples] has finished in [499] ms
26-Oct-2020 21:13:24.516 INFORMAÇÕES [localhost-startStop-1] org.apache.catalina.startup.HostConfig.deployDirectory Deploying web application directory [C:\apache-tomcat-8.5.59-windows-x64\apache-tomcat-8.5.59\webapps\host-manager]
26-Oct-2020 21:13:24.556 INFORMAÇÕES [localhost-startStop-1] org.apache.catalina.startup.HostConfig.deployDirectory Deployment of web application directory [C:\apache-tomcat-8.5.59-windows-x64\apache-tomcat-8.5.59\webapps\host-manager] has finished in [40] ms
26-Oct-2020 21:13:24.556 INFORMAÇÕES [localhost-startStop-1] org.apache.catalina.startup.HostConfig.deployDirectory Deploying web application directory [C:\apache-tomcat-8.5.59-windows-x64\apache-tomcat-8.5.59\webapps\manager]
26-Oct-2020 21:13:24.588 INFORMAÇÕES [localhost-startStop-1] org.apache.catalina.startup.HostConfig.deployDirectory Deployment of web application directory [C:\apache-tomcat-8.5.59-windows-x64\apache-tomcat-8.5.59\webapps\manager] has finished in [32] ms
26-Oct-2020 21:13:24.588 INFORMAÇÕES [localhost-startStop-1] org.apache.catalina.startup.HostConfig.deployDirectory Deploying web application directory [C:\apache-tomcat-8.5.59-windows-x64\apache-tomcat-8.5.59\webapps\ROOT]
26-Oct-2020 21:13:24.612 INFORMAÇÕES [localhost-startStop-1] org.apache.catalina.startup.HostConfig.deployDirectory Deployment of web application directory [C:\apache-tomcat-8.5.59-windows-x64\apache-tomcat-8.5.59\webapps\ROOT] has finished in [24] ms
26-Oct-2020 21:13:24.620 INFORMAÇÕES [main] org.apache.coyote.AbstractProtocol.start Starting ProtocolHandler ["http-nio-8080"]
26-Oct-2020 21:13:24.636 INFORMAÇÕES [main] org.apache.catalina.startup.Catalina.start Server startup in 1131 ms
26-Oct-2020 21:22:11.531 INFORMAÇÕES [http-nio-8080-exec-6] org.apache.coyote.http11.Http11Processor.service Error parsing HTTP request header
 Note: further occurrences of HTTP request parsing errors will be logged at DEBUG level.
	java.lang.IllegalArgumentException: Invalid character found in method name [0x160x030x000x00S0x010x000x00O0x030x00?G0xd70xf70xba,0xee0xea0xb2`~0xf30x000xfd0x82{0xb90xd50x960xc8w0x9b0xe60xc40xdb<=0xdbo0xef0x10n0x000x00(0x000x160x000x130x000x0a0x00f0x000x050x000x040x00e0x00d0x00c0x00b0x00a0x00`0x000x150x000x120x000x090x000x140x000x110x000x080x000x060x000x030x010x00GET]. HTTP method names must be tokens
		at org.apache.coyote.http11.Http11InputBuffer.parseRequestLine(Http11InputBuffer.java:431)
		at org.apache.coyote.http11.Http11Processor.service(Http11Processor.java:503)
		at org.apache.coyote.AbstractProcessorLight.process(AbstractProcessorLight.java:65)
		at org.apache.coyote.AbstractProtocol$ConnectionHandler.process(AbstractProtocol.java:818)
		at org.apache.tomcat.util.net.NioEndpoint$SocketProcessor.doRun(NioEndpoint.java:1626)
		at org.apache.tomcat.util.net.SocketProcessorBase.run(SocketProcessorBase.java:49)
		at java.util.concurrent.ThreadPoolExecutor.runWorker(ThreadPoolExecutor.java:1149)
		at java.util.concurrent.ThreadPoolExecutor$Worker.run(ThreadPoolExecutor.java:624)
		at org.apache.tomcat.util.threads.TaskThread$WrappingRunnable.run(TaskThread.java:61)
		at java.lang.Thread.run(Thread.java:748)
26-Oct-2020 21:26:02.182 INFORMAÇÕES [main] org.apache.catalina.startup.VersionLoggerListener.log Server version name:   Apache Tomcat/8.5.59
26-Oct-2020 21:26:02.182 INFORMAÇÕES [main] org.apache.catalina.startup.VersionLoggerListener.log Server built:          Oct 6 2020 16:57:18 UTC
26-Oct-2020 21:26:02.190 INFORMAÇÕES [main] org.apache.catalina.startup.VersionLoggerListener.log Server version number: 8.5.59.0
26-Oct-2020 21:26:02.192 INFORMAÇÕES [main] org.apache.catalina.startup.VersionLoggerListener.log OS Name:               Windows 10
26-Oct-2020 21:26:02.192 INFORMAÇÕES [main] org.apache.catalina.startup.VersionLoggerListener.log OS Version:            10.0
26-Oct-2020 21:26:02.192 INFORMAÇÕES [main] org.apache.catalina.startup.VersionLoggerListener.log Architecture:          amd64
26-Oct-2020 21:26:02.192 INFORMAÇÕES [main] org.apache.catalina.startup.VersionLoggerListener.log Java Home:             C:\Program Files\Java\jdk1.8.0_221\jre
26-Oct-2020 21:26:02.192 INFORMAÇÕES [main] org.apache.catalina.startup.VersionLoggerListener.log JVM Version:           1.8.0_221-b11
26-Oct-2020 21:26:02.192 INFORMAÇÕES [main] org.apache.catalina.startup.VersionLoggerListener.log JVM Vendor:            Oracle Corporation
26-Oct-2020 21:26:02.192 INFORMAÇÕES [main] org.apache.catalina.startup.VersionLoggerListener.log CATALINA_BASE:         C:\apache-tomcat-8.5.59-windows-x64\apache-tomcat-8.5.59
26-Oct-2020 21:26:02.192 INFORMAÇÕES [main] org.apache.catalina.startup.VersionLoggerListener.log CATALINA_HOME:         C:\apache-tomcat-8.5.59-windows-x64\apache-tomcat-8.5.59
26-Oct-2020 21:26:02.192 INFORMAÇÕES [main] org.apache.catalina.startup.VersionLoggerListener.log Command line argument: -Djava.util.logging.config.file=C:\apache-tomcat-8.5.59-windows-x64\apache-tomcat-8.5.59\conf\logging.properties
26-Oct-2020 21:26:02.192 INFORMAÇÕES [main] org.apache.catalina.startup.VersionLoggerListener.log Command line argument: -Djava.util.logging.manager=org.apache.juli.ClassLoaderLogManager
26-Oct-2020 21:26:02.192 INFORMAÇÕES [main] org.apache.catalina.startup.VersionLoggerListener.log Command line argument: -Djdk.tls.ephemeralDHKeySize=2048
26-Oct-2020 21:26:02.192 INFORMAÇÕES [main] org.apache.catalina.startup.VersionLoggerListener.log Command line argument: -Djava.protocol.handler.pkgs=org.apache.catalina.webresources
26-Oct-2020 21:26:02.192 INFORMAÇÕES [main] org.apache.catalina.startup.VersionLoggerListener.log Command line argument: -Dignore.endorsed.dirs=
26-Oct-2020 21:26:02.192 INFORMAÇÕES [main] org.apache.catalina.startup.VersionLoggerListener.log Command line argument: -Dcatalina.base=C:\apache-tomcat-8.5.59-windows-x64\apache-tomcat-8.5.59
26-Oct-2020 21:26:02.192 INFORMAÇÕES [main] org.apache.catalina.startup.VersionLoggerListener.log Command line argument: -Dcatalina.home=C:\apache-tomcat-8.5.59-windows-x64\apache-tomcat-8.5.59
26-Oct-2020 21:26:02.192 INFORMAÇÕES [main] org.apache.catalina.startup.VersionLoggerListener.log Command line argument: -Djava.io.tmpdir=C:\apache-tomcat-8.5.59-windows-x64\apache-tomcat-8.5.59\temp
26-Oct-2020 21:26:02.192 INFORMAÇÕES [main] org.apache.catalina.core.AprLifecycleListener.lifecycleEvent Loaded Apache Tomcat Native library [1.2.25] using APR version [1.7.0].
26-Oct-2020 21:26:02.192 INFORMAÇÕES [main] org.apache.catalina.core.AprLifecycleListener.lifecycleEvent APR capabilities: IPv6 [true], sendfile [true], accept filters [false], random [true].
26-Oct-2020 21:26:02.192 INFORMAÇÕES [main] org.apache.catalina.core.AprLifecycleListener.lifecycleEvent APR/OpenSSL configuration: useAprConnector [false], useOpenSSL [true]
26-Oct-2020 21:26:02.200 INFORMAÇÕES [main] org.apache.catalina.core.AprLifecycleListener.initializeSSL OpenSSL successfully initialized [OpenSSL 1.1.1g  21 Apr 2020]
26-Oct-2020 21:26:02.361 INFORMAÇÕES [main] org.apache.coyote.AbstractProtocol.init Initializing ProtocolHandler ["http-nio-8081"]
26-Oct-2020 21:26:02.752 INFORMAÇÕES [main] org.apache.tomcat.util.net.NioSelectorPool.getSharedSelector Using a shared selector for servlet write/read
26-Oct-2020 21:26:02.768 INFORMAÇÕES [main] org.apache.catalina.startup.Catalina.load Initialization processed in 1124 ms
26-Oct-2020 21:26:02.815 INFORMAÇÕES [main] org.apache.catalina.core.StandardService.startInternal Starting service [Catalina]
26-Oct-2020 21:26:02.815 INFORMAÇÕES [main] org.apache.catalina.core.StandardEngine.startInternal Starting Servlet Engine: Apache Tomcat/8.5.59
26-Oct-2020 21:26:02.846 INFORMAÇÕES [localhost-startStop-1] org.apache.catalina.startup.HostConfig.deployDirectory Deploying web application directory [C:\apache-tomcat-8.5.59-windows-x64\apache-tomcat-8.5.59\webapps\docs]
26-Oct-2020 21:26:03.147 INFORMAÇÕES [localhost-startStop-1] org.apache.catalina.startup.HostConfig.deployDirectory Deployment of web application directory [C:\apache-tomcat-8.5.59-windows-x64\apache-tomcat-8.5.59\webapps\docs] has finished in [317] ms
26-Oct-2020 21:26:03.147 INFORMAÇÕES [localhost-startStop-1] org.apache.catalina.startup.HostConfig.deployDirectory Deploying web application directory [C:\apache-tomcat-8.5.59-windows-x64\apache-tomcat-8.5.59\webapps\examples]
26-Oct-2020 21:26:04.726 INFORMAÇÕES [localhost-startStop-1] org.apache.catalina.startup.HostConfig.deployDirectory Deployment of web application directory [C:\apache-tomcat-8.5.59-windows-x64\apache-tomcat-8.5.59\webapps\examples] has finished in [1,579] ms
26-Oct-2020 21:26:04.726 INFORMAÇÕES [localhost-startStop-1] org.apache.catalina.startup.HostConfig.deployDirectory Deploying web application directory [C:\apache-tomcat-8.5.59-windows-x64\apache-tomcat-8.5.59\webapps\host-manager]
26-Oct-2020 21:26:04.819 INFORMAÇÕES [localhost-startStop-1] org.apache.catalina.startup.HostConfig.deployDirectory Deployment of web application directory [C:\apache-tomcat-8.5.59-windows-x64\apache-tomcat-8.5.59\webapps\host-manager] has finished in [93] ms
26-Oct-2020 21:26:04.819 INFORMAÇÕES [localhost-startStop-1] org.apache.catalina.startup.HostConfig.deployDirectory Deploying web application directory [C:\apache-tomcat-8.5.59-windows-x64\apache-tomcat-8.5.59\webapps\manager]
26-Oct-2020 21:26:04.913 INFORMAÇÕES [localhost-startStop-1] org.apache.catalina.startup.HostConfig.deployDirectory Deployment of web application directory [C:\apache-tomcat-8.5.59-windows-x64\apache-tomcat-8.5.59\webapps\manager] has finished in [94] ms
26-Oct-2020 21:26:04.913 INFORMAÇÕES [localhost-startStop-1] org.apache.catalina.startup.HostConfig.deployDirectory Deploying web application directory [C:\apache-tomcat-8.5.59-windows-x64\apache-tomcat-8.5.59\webapps\ROOT]
26-Oct-2020 21:26:04.991 INFORMAÇÕES [localhost-startStop-1] org.apache.catalina.startup.HostConfig.deployDirectory Deployment of web application directory [C:\apache-tomcat-8.5.59-windows-x64\apache-tomcat-8.5.59\webapps\ROOT] has finished in [78] ms
26-Oct-2020 21:26:05.007 INFORMAÇÕES [main] org.apache.coyote.AbstractProtocol.start Starting ProtocolHandler ["http-nio-8081"]
26-Oct-2020 21:26:05.038 INFORMAÇÕES [main] org.apache.catalina.startup.Catalina.start Server startup in 2259 ms
26-Oct-2020 21:28:51.626 INFORMAÇÕES [main] org.apache.catalina.startup.VersionLoggerListener.log Server version name:   Apache Tomcat/8.5.59
26-Oct-2020 21:28:51.642 INFORMAÇÕES [main] org.apache.catalina.startup.VersionLoggerListener.log Server built:          Oct 6 2020 16:57:18 UTC
26-Oct-2020 21:28:51.642 INFORMAÇÕES [main] org.apache.catalina.startup.VersionLoggerListener.log Server version number: 8.5.59.0
26-Oct-2020 21:28:51.642 INFORMAÇÕES [main] org.apache.catalina.startup.VersionLoggerListener.log OS Name:               Windows 10
26-Oct-2020 21:28:51.642 INFORMAÇÕES [main] org.apache.catalina.startup.VersionLoggerListener.log OS Version:            10.0
26-Oct-2020 21:28:51.642 INFORMAÇÕES [main] org.apache.catalina.startup.VersionLoggerListener.log Architecture:          amd64
26-Oct-2020 21:28:51.642 INFORMAÇÕES [main] org.apache.catalina.startup.VersionLoggerListener.log Java Home:             C:\Program Files\Java\jdk1.8.0_221\jre
26-Oct-2020 21:28:51.642 INFORMAÇÕES [main] org.apache.catalina.startup.VersionLoggerListener.log JVM Version:           1.8.0_221-b11
26-Oct-2020 21:28:51.642 INFORMAÇÕES [main] org.apache.catalina.startup.VersionLoggerListener.log JVM Vendor:            Oracle Corporation
26-Oct-2020 21:28:51.642 INFORMAÇÕES [main] org.apache.catalina.startup.VersionLoggerListener.log CATALINA_BASE:         C:\apache-tomcat-8.5.59-windows-x64\apache-tomcat-8.5.59
26-Oct-2020 21:28:51.642 INFORMAÇÕES [main] org.apache.catalina.startup.VersionLoggerListener.log CATALINA_HOME:         C:\apache-tomcat-8.5.59-windows-x64\apache-tomcat-8.5.59
26-Oct-2020 21:28:51.642 INFORMAÇÕES [main] org.apache.catalina.startup.VersionLoggerListener.log Command line argument: -Djava.util.logging.config.file=C:\apache-tomcat-8.5.59-windows-x64\apache-tomcat-8.5.59\conf\logging.properties
26-Oct-2020 21:28:51.642 INFORMAÇÕES [main] org.apache.catalina.startup.VersionLoggerListener.log Command line argument: -Djava.util.logging.manager=org.apache.juli.ClassLoaderLogManager
26-Oct-2020 21:28:51.642 INFORMAÇÕES [main] org.apache.catalina.startup.VersionLoggerListener.log Command line argument: -Djdk.tls.ephemeralDHKeySize=2048
26-Oct-2020 21:28:51.642 INFORMAÇÕES [main] org.apache.catalina.startup.VersionLoggerListener.log Command line argument: -Djava.protocol.handler.pkgs=org.apache.catalina.webresources
26-Oct-2020 21:28:51.642 INFORMAÇÕES [main] org.apache.catalina.startup.VersionLoggerListener.log Command line argument: -Dignore.endorsed.dirs=
26-Oct-2020 21:28:51.642 INFORMAÇÕES [main] org.apache.catalina.startup.VersionLoggerListener.log Command line argument: -Dcatalina.base=C:\apache-tomcat-8.5.59-windows-x64\apache-tomcat-8.5.59
26-Oct-2020 21:28:51.642 INFORMAÇÕES [main] org.apache.catalina.startup.VersionLoggerListener.log Command line argument: -Dcatalina.home=C:\apache-tomcat-8.5.59-windows-x64\apache-tomcat-8.5.59
26-Oct-2020 21:28:51.642 INFORMAÇÕES [main] org.apache.catalina.startup.VersionLoggerListener.log Command line argument: -Djava.io.tmpdir=C:\apache-tomcat-8.5.59-windows-x64\apache-tomcat-8.5.59\temp
26-Oct-2020 21:28:51.642 INFORMAÇÕES [main] org.apache.catalina.core.AprLifecycleListener.lifecycleEvent Loaded Apache Tomcat Native library [1.2.25] using APR version [1.7.0].
26-Oct-2020 21:28:51.642 INFORMAÇÕES [main] org.apache.catalina.core.AprLifecycleListener.lifecycleEvent APR capabilities: IPv6 [true], sendfile [true], accept filters [false], random [true].
26-Oct-2020 21:28:51.642 INFORMAÇÕES [main] org.apache.catalina.core.AprLifecycleListener.lifecycleEvent APR/OpenSSL configuration: useAprConnector [false], useOpenSSL [true]
26-Oct-2020 21:28:51.642 INFORMAÇÕES [main] org.apache.catalina.core.AprLifecycleListener.initializeSSL OpenSSL successfully initialized [OpenSSL 1.1.1g  21 Apr 2020]
26-Oct-2020 21:28:51.876 INFORMAÇÕES [main] org.apache.coyote.AbstractProtocol.init Initializing ProtocolHandler ["http-nio-8087"]
26-Oct-2020 21:28:52.282 INFORMAÇÕES [main] org.apache.tomcat.util.net.NioSelectorPool.getSharedSelector Using a shared selector for servlet write/read
26-Oct-2020 21:28:52.298 INFORMAÇÕES [main] org.apache.catalina.startup.Catalina.load Initialization processed in 1217 ms
26-Oct-2020 21:28:52.360 INFORMAÇÕES [main] org.apache.catalina.core.StandardService.startInternal Starting service [Catalina]
26-Oct-2020 21:28:52.360 INFORMAÇÕES [main] org.apache.catalina.core.StandardEngine.startInternal Starting Servlet Engine: Apache Tomcat/8.5.59
26-Oct-2020 21:28:52.376 INFORMAÇÕES [localhost-startStop-1] org.apache.catalina.startup.HostConfig.deployDirectory Deploying web application directory [C:\apache-tomcat-8.5.59-windows-x64\apache-tomcat-8.5.59\webapps\docs]
26-Oct-2020 21:28:52.704 INFORMAÇÕES [localhost-startStop-1] org.apache.catalina.startup.HostConfig.deployDirectory Deployment of web application directory [C:\apache-tomcat-8.5.59-windows-x64\apache-tomcat-8.5.59\webapps\docs] has finished in [328] ms
26-Oct-2020 21:28:52.704 INFORMAÇÕES [localhost-startStop-1] org.apache.catalina.startup.HostConfig.deployDirectory Deploying web application directory [C:\apache-tomcat-8.5.59-windows-x64\apache-tomcat-8.5.59\webapps\examples]
26-Oct-2020 21:28:54.305 INFORMAÇÕES [localhost-startStop-1] org.apache.catalina.startup.HostConfig.deployDirectory Deployment of web application directory [C:\apache-tomcat-8.5.59-windows-x64\apache-tomcat-8.5.59\webapps\examples] has finished in [1,601] ms
26-Oct-2020 21:28:54.305 INFORMAÇÕES [localhost-startStop-1] org.apache.catalina.startup.HostConfig.deployDirectory Deploying web application directory [C:\apache-tomcat-8.5.59-windows-x64\apache-tomcat-8.5.59\webapps\host-manager]
26-Oct-2020 21:28:54.409 INFORMAÇÕES [localhost-startStop-1] org.apache.catalina.startup.HostConfig.deployDirectory Deployment of web application directory [C:\apache-tomcat-8.5.59-windows-x64\apache-tomcat-8.5.59\webapps\host-manager] has finished in [104] ms
26-Oct-2020 21:28:54.409 INFORMAÇÕES [localhost-startStop-1] org.apache.catalina.startup.HostConfig.deployDirectory Deploying web application directory [C:\apache-tomcat-8.5.59-windows-x64\apache-tomcat-8.5.59\webapps\manager]
26-Oct-2020 21:28:54.521 INFORMAÇÕES [localhost-startStop-1] org.apache.catalina.startup.HostConfig.deployDirectory Deployment of web application directory [C:\apache-tomcat-8.5.59-windows-x64\apache-tomcat-8.5.59\webapps\manager] has finished in [112] ms
26-Oct-2020 21:28:54.521 INFORMAÇÕES [localhost-startStop-1] org.apache.catalina.startup.HostConfig.deployDirectory Deploying web application directory [C:\apache-tomcat-8.5.59-windows-x64\apache-tomcat-8.5.59\webapps\ROOT]
26-Oct-2020 21:28:54.593 INFORMAÇÕES [localhost-startStop-1] org.apache.catalina.startup.HostConfig.deployDirectory Deployment of web application directory [C:\apache-tomcat-8.5.59-windows-x64\apache-tomcat-8.5.59\webapps\ROOT] has finished in [72] ms
26-Oct-2020 21:28:54.601 INFORMAÇÕES [main] org.apache.coyote.AbstractProtocol.start Starting ProtocolHandler ["http-nio-8087"]
26-Oct-2020 21:28:54.633 INFORMAÇÕES [main] org.apache.catalina.startup.Catalina.start Server startup in 2332 ms
26-Oct-2020 21:32:24.876 INFORMAÇÕES [ContainerBackgroundProcessor[StandardEngine[Catalina]]] org.apache.catalina.users.MemoryUserDatabase.backgroundProcess Reloading memory user database [UserDatabase] from updated source [file:/C:/apache-tomcat-8.5.59-windows-x64/apache-tomcat-8.5.59/conf/tomcat-users.xml]
26-Oct-2020 21:32:25.386 INFORMAÇÕES [ContainerBackgroundProcessor[StandardEngine[Catalina]]] org.apache.catalina.users.MemoryUserDatabase.backgroundProcess Reloading memory user database [UserDatabase] from updated source [file:/C:/apache-tomcat-8.5.59-windows-x64/apache-tomcat-8.5.59/conf/tomcat-users.xml]
26-Oct-2020 21:32:25.946 INFORMAÇÕES [ContainerBackgroundProcessor[StandardEngine[Catalina]]] org.apache.catalina.users.MemoryUserDatabase.backgroundProcess Reloading memory user database [UserDatabase] from updated source [file:/C:/apache-tomcat-8.5.59-windows-x64/apache-tomcat-8.5.59/conf/tomcat-users.xml]
26-Oct-2020 21:32:42.471 INFORMAÇÕES [main] org.apache.catalina.startup.VersionLoggerListener.log Server version name:   Apache Tomcat/8.5.59
26-Oct-2020 21:32:42.471 INFORMAÇÕES [main] org.apache.catalina.startup.VersionLoggerListener.log Server built:          Oct 6 2020 16:57:18 UTC
26-Oct-2020 21:32:42.471 INFORMAÇÕES [main] org.apache.catalina.startup.VersionLoggerListener.log Server version number: 8.5.59.0
26-Oct-2020 21:32:42.471 INFORMAÇÕES [main] org.apache.catalina.startup.VersionLoggerListener.log OS Name:               Windows 10
26-Oct-2020 21:32:42.471 INFORMAÇÕES [main] org.apache.catalina.startup.VersionLoggerListener.log OS Version:            10.0
26-Oct-2020 21:32:42.471 INFORMAÇÕES [main] org.apache.catalina.startup.VersionLoggerListener.log Architecture:          amd64
26-Oct-2020 21:32:42.471 INFORMAÇÕES [main] org.apache.catalina.startup.VersionLoggerListener.log Java Home:             C:\Program Files\Java\jdk1.8.0_221\jre
26-Oct-2020 21:32:42.471 INFORMAÇÕES [main] org.apache.catalina.startup.VersionLoggerListener.log JVM Version:           1.8.0_221-b11
26-Oct-2020 21:32:42.471 INFORMAÇÕES [main] org.apache.catalina.startup.VersionLoggerListener.log JVM Vendor:            Oracle Corporation
26-Oct-2020 21:32:42.471 INFORMAÇÕES [main] org.apache.catalina.startup.VersionLoggerListener.log CATALINA_BASE:         C:\apache-tomcat-8.5.59-windows-x64\apache-tomcat-8.5.59
26-Oct-2020 21:32:42.471 INFORMAÇÕES [main] org.apache.catalina.startup.VersionLoggerListener.log CATALINA_HOME:         C:\apache-tomcat-8.5.59-windows-x64\apache-tomcat-8.5.59
26-Oct-2020 21:32:42.471 INFORMAÇÕES [main] org.apache.catalina.startup.VersionLoggerListener.log Command line argument: -Djava.util.logging.config.file=C:\apache-tomcat-8.5.59-windows-x64\apache-tomcat-8.5.59\conf\logging.properties
26-Oct-2020 21:32:42.471 INFORMAÇÕES [main] org.apache.catalina.startup.VersionLoggerListener.log Command line argument: -Djava.util.logging.manager=org.apache.juli.ClassLoaderLogManager
26-Oct-2020 21:32:42.471 INFORMAÇÕES [main] org.apache.catalina.startup.VersionLoggerListener.log Command line argument: -Djdk.tls.ephemeralDHKeySize=2048
26-Oct-2020 21:32:42.471 INFORMAÇÕES [main] org.apache.catalina.startup.VersionLoggerListener.log Command line argument: -Djava.protocol.handler.pkgs=org.apache.catalina.webresources
26-Oct-2020 21:32:42.471 INFORMAÇÕES [main] org.apache.catalina.startup.VersionLoggerListener.log Command line argument: -Dignore.endorsed.dirs=
26-Oct-2020 21:32:42.471 INFORMAÇÕES [main] org.apache.catalina.startup.VersionLoggerListener.log Command line argument: -Dcatalina.base=C:\apache-tomcat-8.5.59-windows-x64\apache-tomcat-8.5.59
26-Oct-2020 21:32:42.471 INFORMAÇÕES [main] org.apache.catalina.startup.VersionLoggerListener.log Command line argument: -Dcatalina.home=C:\apache-tomcat-8.5.59-windows-x64\apache-tomcat-8.5.59
26-Oct-2020 21:32:42.471 INFORMAÇÕES [main] org.apache.catalina.startup.VersionLoggerListener.log Command line argument: -Djava.io.tmpdir=C:\apache-tomcat-8.5.59-windows-x64\apache-tomcat-8.5.59\temp
26-Oct-2020 21:32:42.471 INFORMAÇÕES [main] org.apache.catalina.core.AprLifecycleListener.lifecycleEvent Loaded Apache Tomcat Native library [1.2.25] using APR version [1.7.0].
26-Oct-2020 21:32:42.471 INFORMAÇÕES [main] org.apache.catalina.core.AprLifecycleListener.lifecycleEvent APR capabilities: IPv6 [true], sendfile [true], accept filters [false], random [true].
26-Oct-2020 21:32:42.471 INFORMAÇÕES [main] org.apache.catalina.core.AprLifecycleListener.lifecycleEvent APR/OpenSSL configuration: useAprConnector [false], useOpenSSL [true]
26-Oct-2020 21:32:42.487 INFORMAÇÕES [main] org.apache.catalina.core.AprLifecycleListener.initializeSSL OpenSSL successfully initialized [OpenSSL 1.1.1g  21 Apr 2020]
26-Oct-2020 21:32:42.659 INFORMAÇÕES [main] org.apache.coyote.AbstractProtocol.init Initializing ProtocolHandler ["http-nio-8084"]
26-Oct-2020 21:32:43.081 INFORMAÇÕES [main] org.apache.tomcat.util.net.NioSelectorPool.getSharedSelector Using a shared selector for servlet write/read
26-Oct-2020 21:32:43.096 INFORMAÇÕES [main] org.apache.catalina.startup.Catalina.load Initialization processed in 1189 ms
26-Oct-2020 21:32:43.143 INFORMAÇÕES [main] org.apache.catalina.core.StandardService.startInternal Starting service [Catalina]
26-Oct-2020 21:32:43.143 INFORMAÇÕES [main] org.apache.catalina.core.StandardEngine.startInternal Starting Servlet Engine: Apache Tomcat/8.5.59
26-Oct-2020 21:32:43.159 INFORMAÇÕES [localhost-startStop-1] org.apache.catalina.startup.HostConfig.deployDirectory Deploying web application directory [C:\apache-tomcat-8.5.59-windows-x64\apache-tomcat-8.5.59\webapps\docs]
26-Oct-2020 21:32:43.591 INFORMAÇÕES [localhost-startStop-1] org.apache.catalina.startup.HostConfig.deployDirectory Deployment of web application directory [C:\apache-tomcat-8.5.59-windows-x64\apache-tomcat-8.5.59\webapps\docs] has finished in [448] ms
26-Oct-2020 21:32:43.591 INFORMAÇÕES [localhost-startStop-1] org.apache.catalina.startup.HostConfig.deployDirectory Deploying web application directory [C:\apache-tomcat-8.5.59-windows-x64\apache-tomcat-8.5.59\webapps\examples]
26-Oct-2020 21:32:45.044 INFORMAÇÕES [localhost-startStop-1] org.apache.catalina.startup.HostConfig.deployDirectory Deployment of web application directory [C:\apache-tomcat-8.5.59-windows-x64\apache-tomcat-8.5.59\webapps\examples] has finished in [1,453] ms
26-Oct-2020 21:32:45.044 INFORMAÇÕES [localhost-startStop-1] org.apache.catalina.startup.HostConfig.deployDirectory Deploying web application directory [C:\apache-tomcat-8.5.59-windows-x64\apache-tomcat-8.5.59\webapps\host-manager]
26-Oct-2020 21:32:45.091 INFORMAÇÕES [localhost-startStop-1] org.apache.catalina.startup.HostConfig.deployDirectory Deployment of web application directory [C:\apache-tomcat-8.5.59-windows-x64\apache-tomcat-8.5.59\webapps\host-manager] has finished in [47] ms
26-Oct-2020 21:32:45.091 INFORMAÇÕES [localhost-startStop-1] org.apache.catalina.startup.HostConfig.deployDirectory Deploying web application directory [C:\apache-tomcat-8.5.59-windows-x64\apache-tomcat-8.5.59\webapps\manager]
26-Oct-2020 21:32:45.153 INFORMAÇÕES [localhost-startStop-1] org.apache.catalina.startup.HostConfig.deployDirectory Deployment of web application directory [C:\apache-tomcat-8.5.59-windows-x64\apache-tomcat-8.5.59\webapps\manager] has finished in [62] ms
26-Oct-2020 21:32:45.153 INFORMAÇÕES [localhost-startStop-1] org.apache.catalina.startup.HostConfig.deployDirectory Deploying web application directory [C:\apache-tomcat-8.5.59-windows-x64\apache-tomcat-8.5.59\webapps\ROOT]
26-Oct-2020 21:32:45.200 INFORMAÇÕES [localhost-startStop-1] org.apache.catalina.startup.HostConfig.deployDirectory Deployment of web application directory [C:\apache-tomcat-8.5.59-windows-x64\apache-tomcat-8.5.59\webapps\ROOT] has finished in [47] ms
26-Oct-2020 21:32:45.200 INFORMAÇÕES [main] org.apache.coyote.AbstractProtocol.start Starting ProtocolHandler ["http-nio-8084"]
26-Oct-2020 21:32:45.215 INFORMAÇÕES [main] org.apache.catalina.startup.Catalina.start Server startup in 2121 ms
